<?xml version="1.0" encoding="UTF-8"?>
<!-- Generated by org.testng.reporters.JUnitReportReporter -->
<testsuite skipped="0" hostname="LAPTOP-8PV5OBQH" name="runner.Runner" tests="1" failures="0" timestamp="2021-11-21T11:07:10 IST" time="13.814" errors="0">
  <testcase name="runScenario" time="13.814" classname="runner.Runner"/>
  <system-out/>
</testsuite> <!-- runner.Runner -->
