<?xml version="1.0" encoding="UTF-8"?>
<!-- Generated by org.testng.reporters.JUnitReportReporter -->
<testsuite skipped="1" hostname="LAPTOP-8PV5OBQH" name="Tests.Loginpage" tests="1" failures="0" timestamp="2021-11-09T12:21:56 IST" time="0.000" errors="0">
  <testcase name="login" time="0.000" classname="Tests.Loginpage">
    <skipped/>
  </testcase> <!-- login -->
  <system-out/>
</testsuite> <!-- Tests.Loginpage -->
